  main.c
C:\Users\whd46\source\repos\mongbro\Academic-Seminar_Text-game-in-C\Academic-Seminar_Text-game-in-C\betaver\학술제\학술제\skill.h(16,1): warning C4996:  'strcpy': This function or variable may be unsafe. Consider using strcpy_s instead. To disable deprecation, use _CRT_SECURE_NO_WARNINGS. See online help for details.
C:\Program Files (x86)\Windows Kits\10\Include\10.0.18362.0\ucrt\string.h(133): message :  'strcpy' 선언을 참조하십시오.
C:\Users\whd46\source\repos\mongbro\Academic-Seminar_Text-game-in-C\Academic-Seminar_Text-game-in-C\betaver\학술제\학술제\skill.h(17,1): warning C4996:  'strcpy': This function or variable may be unsafe. Consider using strcpy_s instead. To disable deprecation, use _CRT_SECURE_NO_WARNINGS. See online help for details.
C:\Program Files (x86)\Windows Kits\10\Include\10.0.18362.0\ucrt\string.h(133): message :  'strcpy' 선언을 참조하십시오.
C:\Users\whd46\source\repos\mongbro\Academic-Seminar_Text-game-in-C\Academic-Seminar_Text-game-in-C\betaver\학술제\학술제\item.h(43,1): warning C4996:  'strcpy': This function or variable may be unsafe. Consider using strcpy_s instead. To disable deprecation, use _CRT_SECURE_NO_WARNINGS. See online help for details.
C:\Program Files (x86)\Windows Kits\10\Include\10.0.18362.0\ucrt\string.h(133): message :  'strcpy' 선언을 참조하십시오.
C:\Users\whd46\source\repos\mongbro\Academic-Seminar_Text-game-in-C\Academic-Seminar_Text-game-in-C\betaver\학술제\학술제\item.h(44,1): warning C4996:  'strcpy': This function or variable may be unsafe. Consider using strcpy_s instead. To disable deprecation, use _CRT_SECURE_NO_WARNINGS. See online help for details.
C:\Program Files (x86)\Windows Kits\10\Include\10.0.18362.0\ucrt\string.h(133): message :  'strcpy' 선언을 참조하십시오.
C:\Users\whd46\source\repos\mongbro\Academic-Seminar_Text-game-in-C\Academic-Seminar_Text-game-in-C\betaver\학술제\학술제\item.h(45,1): warning C4996:  'strcpy': This function or variable may be unsafe. Consider using strcpy_s instead. To disable deprecation, use _CRT_SECURE_NO_WARNINGS. See online help for details.
C:\Program Files (x86)\Windows Kits\10\Include\10.0.18362.0\ucrt\string.h(133): message :  'strcpy' 선언을 참조하십시오.
C:\Users\whd46\source\repos\mongbro\Academic-Seminar_Text-game-in-C\Academic-Seminar_Text-game-in-C\betaver\학술제\학술제\item.h(46,1): warning C4996:  'strcpy': This function or variable may be unsafe. Consider using strcpy_s instead. To disable deprecation, use _CRT_SECURE_NO_WARNINGS. See online help for details.
C:\Program Files (x86)\Windows Kits\10\Include\10.0.18362.0\ucrt\string.h(133): message :  'strcpy' 선언을 참조하십시오.
C:\Users\whd46\source\repos\mongbro\Academic-Seminar_Text-game-in-C\Academic-Seminar_Text-game-in-C\betaver\학술제\학술제\item.h(47,1): warning C4996:  'strcpy': This function or variable may be unsafe. Consider using strcpy_s instead. To disable deprecation, use _CRT_SECURE_NO_WARNINGS. See online help for details.
C:\Program Files (x86)\Windows Kits\10\Include\10.0.18362.0\ucrt\string.h(133): message :  'strcpy' 선언을 참조하십시오.
C:\Users\whd46\source\repos\mongbro\Academic-Seminar_Text-game-in-C\Academic-Seminar_Text-game-in-C\betaver\학술제\학술제\item.h(48,1): warning C4996:  'strcpy': This function or variable may be unsafe. Consider using strcpy_s instead. To disable deprecation, use _CRT_SECURE_NO_WARNINGS. See online help for details.
C:\Program Files (x86)\Windows Kits\10\Include\10.0.18362.0\ucrt\string.h(133): message :  'strcpy' 선언을 참조하십시오.
C:\Users\whd46\source\repos\mongbro\Academic-Seminar_Text-game-in-C\Academic-Seminar_Text-game-in-C\betaver\학술제\학술제\item.h(49,1): warning C4996:  'strcpy': This function or variable may be unsafe. Consider using strcpy_s instead. To disable deprecation, use _CRT_SECURE_NO_WARNINGS. See online help for details.
C:\Program Files (x86)\Windows Kits\10\Include\10.0.18362.0\ucrt\string.h(133): message :  'strcpy' 선언을 참조하십시오.
C:\Users\whd46\source\repos\mongbro\Academic-Seminar_Text-game-in-C\Academic-Seminar_Text-game-in-C\betaver\학술제\학술제\item.h(84,1): warning C4996:  'strcpy': This function or variable may be unsafe. Consider using strcpy_s instead. To disable deprecation, use _CRT_SECURE_NO_WARNINGS. See online help for details.
C:\Program Files (x86)\Windows Kits\10\Include\10.0.18362.0\ucrt\string.h(133): message :  'strcpy' 선언을 참조하십시오.
C:\Users\whd46\source\repos\mongbro\Academic-Seminar_Text-game-in-C\Academic-Seminar_Text-game-in-C\betaver\학술제\학술제\item.h(93,1): warning C4996:  'strcpy': This function or variable may be unsafe. Consider using strcpy_s instead. To disable deprecation, use _CRT_SECURE_NO_WARNINGS. See online help for details.
C:\Program Files (x86)\Windows Kits\10\Include\10.0.18362.0\ucrt\string.h(133): message :  'strcpy' 선언을 참조하십시오.
C:\Users\whd46\source\repos\mongbro\Academic-Seminar_Text-game-in-C\Academic-Seminar_Text-game-in-C\betaver\학술제\학술제\item.h(102,1): warning C4996:  'strcpy': This function or variable may be unsafe. Consider using strcpy_s instead. To disable deprecation, use _CRT_SECURE_NO_WARNINGS. See online help for details.
C:\Program Files (x86)\Windows Kits\10\Include\10.0.18362.0\ucrt\string.h(133): message :  'strcpy' 선언을 참조하십시오.
C:\Users\whd46\source\repos\mongbro\Academic-Seminar_Text-game-in-C\Academic-Seminar_Text-game-in-C\betaver\학술제\학술제\item.h(110,1): warning C4996:  'strcpy': This function or variable may be unsafe. Consider using strcpy_s instead. To disable deprecation, use _CRT_SECURE_NO_WARNINGS. See online help for details.
C:\Program Files (x86)\Windows Kits\10\Include\10.0.18362.0\ucrt\string.h(133): message :  'strcpy' 선언을 참조하십시오.
C:\Users\whd46\source\repos\mongbro\Academic-Seminar_Text-game-in-C\Academic-Seminar_Text-game-in-C\betaver\학술제\학술제\item.h(111,1): warning C4996:  'strcpy': This function or variable may be unsafe. Consider using strcpy_s instead. To disable deprecation, use _CRT_SECURE_NO_WARNINGS. See online help for details.
C:\Program Files (x86)\Windows Kits\10\Include\10.0.18362.0\ucrt\string.h(133): message :  'strcpy' 선언을 참조하십시오.
C:\Users\whd46\source\repos\mongbro\Academic-Seminar_Text-game-in-C\Academic-Seminar_Text-game-in-C\betaver\학술제\학술제\item.h(112,1): warning C4996:  'strcpy': This function or variable may be unsafe. Consider using strcpy_s instead. To disable deprecation, use _CRT_SECURE_NO_WARNINGS. See online help for details.
C:\Program Files (x86)\Windows Kits\10\Include\10.0.18362.0\ucrt\string.h(133): message :  'strcpy' 선언을 참조하십시오.
C:\Users\whd46\source\repos\mongbro\Academic-Seminar_Text-game-in-C\Academic-Seminar_Text-game-in-C\betaver\학술제\학술제\item.h(113,1): warning C4996:  'strcpy': This function or variable may be unsafe. Consider using strcpy_s instead. To disable deprecation, use _CRT_SECURE_NO_WARNINGS. See online help for details.
C:\Program Files (x86)\Windows Kits\10\Include\10.0.18362.0\ucrt\string.h(133): message :  'strcpy' 선언을 참조하십시오.
C:\Users\whd46\source\repos\mongbro\Academic-Seminar_Text-game-in-C\Academic-Seminar_Text-game-in-C\betaver\학술제\학술제\item.h(114,1): warning C4996:  'strcpy': This function or variable may be unsafe. Consider using strcpy_s instead. To disable deprecation, use _CRT_SECURE_NO_WARNINGS. See online help for details.
C:\Program Files (x86)\Windows Kits\10\Include\10.0.18362.0\ucrt\string.h(133): message :  'strcpy' 선언을 참조하십시오.
C:\Users\whd46\source\repos\mongbro\Academic-Seminar_Text-game-in-C\Academic-Seminar_Text-game-in-C\betaver\학술제\학술제\character.h(38,1): warning C4996:  'strcpy': This function or variable may be unsafe. Consider using strcpy_s instead. To disable deprecation, use _CRT_SECURE_NO_WARNINGS. See online help for details.
C:\Program Files (x86)\Windows Kits\10\Include\10.0.18362.0\ucrt\string.h(133): message :  'strcpy' 선언을 참조하십시오.
C:\Users\whd46\source\repos\mongbro\Academic-Seminar_Text-game-in-C\Academic-Seminar_Text-game-in-C\betaver\학술제\학술제\character.h(39,1): warning C4996:  'strcpy': This function or variable may be unsafe. Consider using strcpy_s instead. To disable deprecation, use _CRT_SECURE_NO_WARNINGS. See online help for details.
C:\Program Files (x86)\Windows Kits\10\Include\10.0.18362.0\ucrt\string.h(133): message :  'strcpy' 선언을 참조하십시오.
C:\Users\whd46\source\repos\mongbro\Academic-Seminar_Text-game-in-C\Academic-Seminar_Text-game-in-C\betaver\학술제\학술제\character.h(40,1): warning C4996:  'strcpy': This function or variable may be unsafe. Consider using strcpy_s instead. To disable deprecation, use _CRT_SECURE_NO_WARNINGS. See online help for details.
C:\Program Files (x86)\Windows Kits\10\Include\10.0.18362.0\ucrt\string.h(133): message :  'strcpy' 선언을 참조하십시오.
C:\Users\whd46\source\repos\mongbro\Academic-Seminar_Text-game-in-C\Academic-Seminar_Text-game-in-C\betaver\학술제\학술제\monster.h(22,1): warning C4996:  'strcpy': This function or variable may be unsafe. Consider using strcpy_s instead. To disable deprecation, use _CRT_SECURE_NO_WARNINGS. See online help for details.
C:\Program Files (x86)\Windows Kits\10\Include\10.0.18362.0\ucrt\string.h(133): message :  'strcpy' 선언을 참조하십시오.
C:\Users\whd46\source\repos\mongbro\Academic-Seminar_Text-game-in-C\Academic-Seminar_Text-game-in-C\betaver\학술제\학술제\monster.h(23,1): warning C4996:  'strcpy': This function or variable may be unsafe. Consider using strcpy_s instead. To disable deprecation, use _CRT_SECURE_NO_WARNINGS. See online help for details.
C:\Program Files (x86)\Windows Kits\10\Include\10.0.18362.0\ucrt\string.h(133): message :  'strcpy' 선언을 참조하십시오.
C:\Users\whd46\source\repos\mongbro\Academic-Seminar_Text-game-in-C\Academic-Seminar_Text-game-in-C\betaver\학술제\학술제\monster.h(24,1): warning C4996:  'strcpy': This function or variable may be unsafe. Consider using strcpy_s instead. To disable deprecation, use _CRT_SECURE_NO_WARNINGS. See online help for details.
C:\Program Files (x86)\Windows Kits\10\Include\10.0.18362.0\ucrt\string.h(133): message :  'strcpy' 선언을 참조하십시오.
C:\Users\whd46\source\repos\mongbro\Academic-Seminar_Text-game-in-C\Academic-Seminar_Text-game-in-C\betaver\학술제\학술제\monster.h(37,1): warning C4996:  'strcpy': This function or variable may be unsafe. Consider using strcpy_s instead. To disable deprecation, use _CRT_SECURE_NO_WARNINGS. See online help for details.
C:\Program Files (x86)\Windows Kits\10\Include\10.0.18362.0\ucrt\string.h(133): message :  'strcpy' 선언을 참조하십시오.
C:\Users\whd46\source\repos\mongbro\Academic-Seminar_Text-game-in-C\Academic-Seminar_Text-game-in-C\betaver\학술제\학술제\monster.h(38,1): warning C4996:  'strcpy': This function or variable may be unsafe. Consider using strcpy_s instead. To disable deprecation, use _CRT_SECURE_NO_WARNINGS. See online help for details.
C:\Program Files (x86)\Windows Kits\10\Include\10.0.18362.0\ucrt\string.h(133): message :  'strcpy' 선언을 참조하십시오.
C:\Users\whd46\source\repos\mongbro\Academic-Seminar_Text-game-in-C\Academic-Seminar_Text-game-in-C\betaver\학술제\학술제\monster.h(39,1): warning C4996:  'strcpy': This function or variable may be unsafe. Consider using strcpy_s instead. To disable deprecation, use _CRT_SECURE_NO_WARNINGS. See online help for details.
C:\Program Files (x86)\Windows Kits\10\Include\10.0.18362.0\ucrt\string.h(133): message :  'strcpy' 선언을 참조하십시오.
C:\Users\whd46\source\repos\mongbro\Academic-Seminar_Text-game-in-C\Academic-Seminar_Text-game-in-C\betaver\학술제\학술제\monster.h(58,1): warning C4996:  'strcpy': This function or variable may be unsafe. Consider using strcpy_s instead. To disable deprecation, use _CRT_SECURE_NO_WARNINGS. See online help for details.
C:\Program Files (x86)\Windows Kits\10\Include\10.0.18362.0\ucrt\string.h(133): message :  'strcpy' 선언을 참조하십시오.
C:\Users\whd46\source\repos\mongbro\Academic-Seminar_Text-game-in-C\Academic-Seminar_Text-game-in-C\betaver\학술제\학술제\monster.h(59,1): warning C4996:  'strcpy': This function or variable may be unsafe. Consider using strcpy_s instead. To disable deprecation, use _CRT_SECURE_NO_WARNINGS. See online help for details.
C:\Program Files (x86)\Windows Kits\10\Include\10.0.18362.0\ucrt\string.h(133): message :  'strcpy' 선언을 참조하십시오.
C:\Users\whd46\source\repos\mongbro\Academic-Seminar_Text-game-in-C\Academic-Seminar_Text-game-in-C\betaver\학술제\학술제\monster.h(60,1): warning C4996:  'strcpy': This function or variable may be unsafe. Consider using strcpy_s instead. To disable deprecation, use _CRT_SECURE_NO_WARNINGS. See online help for details.
C:\Program Files (x86)\Windows Kits\10\Include\10.0.18362.0\ucrt\string.h(133): message :  'strcpy' 선언을 참조하십시오.
C:\Users\whd46\source\repos\mongbro\Academic-Seminar_Text-game-in-C\Academic-Seminar_Text-game-in-C\betaver\학술제\학술제\monster.h(79,1): warning C4996:  'strcpy': This function or variable may be unsafe. Consider using strcpy_s instead. To disable deprecation, use _CRT_SECURE_NO_WARNINGS. See online help for details.
C:\Program Files (x86)\Windows Kits\10\Include\10.0.18362.0\ucrt\string.h(133): message :  'strcpy' 선언을 참조하십시오.
C:\Users\whd46\source\repos\mongbro\Academic-Seminar_Text-game-in-C\Academic-Seminar_Text-game-in-C\betaver\학술제\학술제\monster.h(80,1): warning C4996:  'strcpy': This function or variable may be unsafe. Consider using strcpy_s instead. To disable deprecation, use _CRT_SECURE_NO_WARNINGS. See online help for details.
C:\Program Files (x86)\Windows Kits\10\Include\10.0.18362.0\ucrt\string.h(133): message :  'strcpy' 선언을 참조하십시오.
C:\Users\whd46\source\repos\mongbro\Academic-Seminar_Text-game-in-C\Academic-Seminar_Text-game-in-C\betaver\학술제\학술제\monster.h(81,1): warning C4996:  'strcpy': This function or variable may be unsafe. Consider using strcpy_s instead. To disable deprecation, use _CRT_SECURE_NO_WARNINGS. See online help for details.
C:\Program Files (x86)\Windows Kits\10\Include\10.0.18362.0\ucrt\string.h(133): message :  'strcpy' 선언을 참조하십시오.
C:\Users\whd46\source\repos\mongbro\Academic-Seminar_Text-game-in-C\Academic-Seminar_Text-game-in-C\betaver\학술제\학술제\monster.h(100,1): warning C4996:  'strcpy': This function or variable may be unsafe. Consider using strcpy_s instead. To disable deprecation, use _CRT_SECURE_NO_WARNINGS. See online help for details.
C:\Program Files (x86)\Windows Kits\10\Include\10.0.18362.0\ucrt\string.h(133): message :  'strcpy' 선언을 참조하십시오.
C:\Users\whd46\source\repos\mongbro\Academic-Seminar_Text-game-in-C\Academic-Seminar_Text-game-in-C\betaver\학술제\학술제\monster.h(112,1): warning C4996:  'strcpy': This function or variable may be unsafe. Consider using strcpy_s instead. To disable deprecation, use _CRT_SECURE_NO_WARNINGS. See online help for details.
C:\Program Files (x86)\Windows Kits\10\Include\10.0.18362.0\ucrt\string.h(133): message :  'strcpy' 선언을 참조하십시오.
C:\Users\whd46\source\repos\mongbro\Academic-Seminar_Text-game-in-C\Academic-Seminar_Text-game-in-C\betaver\학술제\학술제\monster.h(113,1): warning C4996:  'strcpy': This function or variable may be unsafe. Consider using strcpy_s instead. To disable deprecation, use _CRT_SECURE_NO_WARNINGS. See online help for details.
C:\Program Files (x86)\Windows Kits\10\Include\10.0.18362.0\ucrt\string.h(133): message :  'strcpy' 선언을 참조하십시오.
C:\Users\whd46\source\repos\mongbro\Academic-Seminar_Text-game-in-C\Academic-Seminar_Text-game-in-C\betaver\학술제\학술제\monster.h(114,1): warning C4996:  'strcpy': This function or variable may be unsafe. Consider using strcpy_s instead. To disable deprecation, use _CRT_SECURE_NO_WARNINGS. See online help for details.
C:\Program Files (x86)\Windows Kits\10\Include\10.0.18362.0\ucrt\string.h(133): message :  'strcpy' 선언을 참조하십시오.
C:\Users\whd46\source\repos\mongbro\Academic-Seminar_Text-game-in-C\Academic-Seminar_Text-game-in-C\betaver\학술제\학술제\monster.h(135,1): warning C4996:  'strcpy': This function or variable may be unsafe. Consider using strcpy_s instead. To disable deprecation, use _CRT_SECURE_NO_WARNINGS. See online help for details.
C:\Program Files (x86)\Windows Kits\10\Include\10.0.18362.0\ucrt\string.h(133): message :  'strcpy' 선언을 참조하십시오.
C:\Users\whd46\source\repos\mongbro\Academic-Seminar_Text-game-in-C\Academic-Seminar_Text-game-in-C\betaver\학술제\학술제\monster.h(136,1): warning C4996:  'strcpy': This function or variable may be unsafe. Consider using strcpy_s instead. To disable deprecation, use _CRT_SECURE_NO_WARNINGS. See online help for details.
C:\Program Files (x86)\Windows Kits\10\Include\10.0.18362.0\ucrt\string.h(133): message :  'strcpy' 선언을 참조하십시오.
C:\Users\whd46\source\repos\mongbro\Academic-Seminar_Text-game-in-C\Academic-Seminar_Text-game-in-C\betaver\학술제\학술제\monster.h(137,1): warning C4996:  'strcpy': This function or variable may be unsafe. Consider using strcpy_s instead. To disable deprecation, use _CRT_SECURE_NO_WARNINGS. See online help for details.
C:\Program Files (x86)\Windows Kits\10\Include\10.0.18362.0\ucrt\string.h(133): message :  'strcpy' 선언을 참조하십시오.
C:\Users\whd46\source\repos\mongbro\Academic-Seminar_Text-game-in-C\Academic-Seminar_Text-game-in-C\betaver\학술제\학술제\monster.h(158,1): warning C4996:  'strcpy': This function or variable may be unsafe. Consider using strcpy_s instead. To disable deprecation, use _CRT_SECURE_NO_WARNINGS. See online help for details.
C:\Program Files (x86)\Windows Kits\10\Include\10.0.18362.0\ucrt\string.h(133): message :  'strcpy' 선언을 참조하십시오.
C:\Users\whd46\source\repos\mongbro\Academic-Seminar_Text-game-in-C\Academic-Seminar_Text-game-in-C\betaver\학술제\학술제\monster.h(159,1): warning C4996:  'strcpy': This function or variable may be unsafe. Consider using strcpy_s instead. To disable deprecation, use _CRT_SECURE_NO_WARNINGS. See online help for details.
C:\Program Files (x86)\Windows Kits\10\Include\10.0.18362.0\ucrt\string.h(133): message :  'strcpy' 선언을 참조하십시오.
C:\Users\whd46\source\repos\mongbro\Academic-Seminar_Text-game-in-C\Academic-Seminar_Text-game-in-C\betaver\학술제\학술제\monster.h(160,1): warning C4996:  'strcpy': This function or variable may be unsafe. Consider using strcpy_s instead. To disable deprecation, use _CRT_SECURE_NO_WARNINGS. See online help for details.
C:\Program Files (x86)\Windows Kits\10\Include\10.0.18362.0\ucrt\string.h(133): message :  'strcpy' 선언을 참조하십시오.
C:\Users\whd46\source\repos\mongbro\Academic-Seminar_Text-game-in-C\Academic-Seminar_Text-game-in-C\betaver\학술제\학술제\monster.h(181,1): warning C4996:  'strcpy': This function or variable may be unsafe. Consider using strcpy_s instead. To disable deprecation, use _CRT_SECURE_NO_WARNINGS. See online help for details.
C:\Program Files (x86)\Windows Kits\10\Include\10.0.18362.0\ucrt\string.h(133): message :  'strcpy' 선언을 참조하십시오.
C:\Users\whd46\source\repos\mongbro\Academic-Seminar_Text-game-in-C\Academic-Seminar_Text-game-in-C\betaver\학술제\학술제\monster.h(182,1): warning C4996:  'strcpy': This function or variable may be unsafe. Consider using strcpy_s instead. To disable deprecation, use _CRT_SECURE_NO_WARNINGS. See online help for details.
C:\Program Files (x86)\Windows Kits\10\Include\10.0.18362.0\ucrt\string.h(133): message :  'strcpy' 선언을 참조하십시오.
C:\Users\whd46\source\repos\mongbro\Academic-Seminar_Text-game-in-C\Academic-Seminar_Text-game-in-C\betaver\학술제\학술제\monster.h(183,1): warning C4996:  'strcpy': This function or variable may be unsafe. Consider using strcpy_s instead. To disable deprecation, use _CRT_SECURE_NO_WARNINGS. See online help for details.
C:\Program Files (x86)\Windows Kits\10\Include\10.0.18362.0\ucrt\string.h(133): message :  'strcpy' 선언을 참조하십시오.
C:\Users\whd46\source\repos\mongbro\Academic-Seminar_Text-game-in-C\Academic-Seminar_Text-game-in-C\betaver\학술제\학술제\monster.h(205,1): warning C4996:  'strcpy': This function or variable may be unsafe. Consider using strcpy_s instead. To disable deprecation, use _CRT_SECURE_NO_WARNINGS. See online help for details.
C:\Program Files (x86)\Windows Kits\10\Include\10.0.18362.0\ucrt\string.h(133): message :  'strcpy' 선언을 참조하십시오.
C:\Users\whd46\source\repos\mongbro\Academic-Seminar_Text-game-in-C\Academic-Seminar_Text-game-in-C\betaver\학술제\학술제\monster.h(217,1): warning C4996:  'strcpy': This function or variable may be unsafe. Consider using strcpy_s instead. To disable deprecation, use _CRT_SECURE_NO_WARNINGS. See online help for details.
C:\Program Files (x86)\Windows Kits\10\Include\10.0.18362.0\ucrt\string.h(133): message :  'strcpy' 선언을 참조하십시오.
C:\Users\whd46\source\repos\mongbro\Academic-Seminar_Text-game-in-C\Academic-Seminar_Text-game-in-C\betaver\학술제\학술제\monster.h(218,1): warning C4996:  'strcpy': This function or variable may be unsafe. Consider using strcpy_s instead. To disable deprecation, use _CRT_SECURE_NO_WARNINGS. See online help for details.
C:\Program Files (x86)\Windows Kits\10\Include\10.0.18362.0\ucrt\string.h(133): message :  'strcpy' 선언을 참조하십시오.
C:\Users\whd46\source\repos\mongbro\Academic-Seminar_Text-game-in-C\Academic-Seminar_Text-game-in-C\betaver\학술제\학술제\monster.h(219,1): warning C4996:  'strcpy': This function or variable may be unsafe. Consider using strcpy_s instead. To disable deprecation, use _CRT_SECURE_NO_WARNINGS. See online help for details.
C:\Program Files (x86)\Windows Kits\10\Include\10.0.18362.0\ucrt\string.h(133): message :  'strcpy' 선언을 참조하십시오.
C:\Users\whd46\source\repos\mongbro\Academic-Seminar_Text-game-in-C\Academic-Seminar_Text-game-in-C\betaver\학술제\학술제\monster.h(238,1): warning C4996:  'strcpy': This function or variable may be unsafe. Consider using strcpy_s instead. To disable deprecation, use _CRT_SECURE_NO_WARNINGS. See online help for details.
C:\Program Files (x86)\Windows Kits\10\Include\10.0.18362.0\ucrt\string.h(133): message :  'strcpy' 선언을 참조하십시오.
C:\Users\whd46\source\repos\mongbro\Academic-Seminar_Text-game-in-C\Academic-Seminar_Text-game-in-C\betaver\학술제\학술제\monster.h(239,1): warning C4996:  'strcpy': This function or variable may be unsafe. Consider using strcpy_s instead. To disable deprecation, use _CRT_SECURE_NO_WARNINGS. See online help for details.
C:\Program Files (x86)\Windows Kits\10\Include\10.0.18362.0\ucrt\string.h(133): message :  'strcpy' 선언을 참조하십시오.
C:\Users\whd46\source\repos\mongbro\Academic-Seminar_Text-game-in-C\Academic-Seminar_Text-game-in-C\betaver\학술제\학술제\monster.h(240,1): warning C4996:  'strcpy': This function or variable may be unsafe. Consider using strcpy_s instead. To disable deprecation, use _CRT_SECURE_NO_WARNINGS. See online help for details.
C:\Program Files (x86)\Windows Kits\10\Include\10.0.18362.0\ucrt\string.h(133): message :  'strcpy' 선언을 참조하십시오.
C:\Users\whd46\source\repos\mongbro\Academic-Seminar_Text-game-in-C\Academic-Seminar_Text-game-in-C\betaver\학술제\학술제\monster.h(266,1): warning C4996:  'strcpy': This function or variable may be unsafe. Consider using strcpy_s instead. To disable deprecation, use _CRT_SECURE_NO_WARNINGS. See online help for details.
C:\Program Files (x86)\Windows Kits\10\Include\10.0.18362.0\ucrt\string.h(133): message :  'strcpy' 선언을 참조하십시오.
C:\Users\whd46\source\repos\mongbro\Academic-Seminar_Text-game-in-C\Academic-Seminar_Text-game-in-C\betaver\학술제\학술제\monster.h(267,1): warning C4996:  'strcpy': This function or variable may be unsafe. Consider using strcpy_s instead. To disable deprecation, use _CRT_SECURE_NO_WARNINGS. See online help for details.
C:\Program Files (x86)\Windows Kits\10\Include\10.0.18362.0\ucrt\string.h(133): message :  'strcpy' 선언을 참조하십시오.
C:\Users\whd46\source\repos\mongbro\Academic-Seminar_Text-game-in-C\Academic-Seminar_Text-game-in-C\betaver\학술제\학술제\monster.h(268,1): warning C4996:  'strcpy': This function or variable may be unsafe. Consider using strcpy_s instead. To disable deprecation, use _CRT_SECURE_NO_WARNINGS. See online help for details.
C:\Program Files (x86)\Windows Kits\10\Include\10.0.18362.0\ucrt\string.h(133): message :  'strcpy' 선언을 참조하십시오.
C:\Users\whd46\source\repos\mongbro\Academic-Seminar_Text-game-in-C\Academic-Seminar_Text-game-in-C\betaver\학술제\학술제\monster.h(294,1): warning C4996:  'strcpy': This function or variable may be unsafe. Consider using strcpy_s instead. To disable deprecation, use _CRT_SECURE_NO_WARNINGS. See online help for details.
C:\Program Files (x86)\Windows Kits\10\Include\10.0.18362.0\ucrt\string.h(133): message :  'strcpy' 선언을 참조하십시오.
C:\Users\whd46\source\repos\mongbro\Academic-Seminar_Text-game-in-C\Academic-Seminar_Text-game-in-C\betaver\학술제\학술제\monster.h(306,1): warning C4996:  'strcpy': This function or variable may be unsafe. Consider using strcpy_s instead. To disable deprecation, use _CRT_SECURE_NO_WARNINGS. See online help for details.
C:\Program Files (x86)\Windows Kits\10\Include\10.0.18362.0\ucrt\string.h(133): message :  'strcpy' 선언을 참조하십시오.
C:\Users\whd46\source\repos\mongbro\Academic-Seminar_Text-game-in-C\Academic-Seminar_Text-game-in-C\betaver\학술제\학술제\monster.h(307,1): warning C4996:  'strcpy': This function or variable may be unsafe. Consider using strcpy_s instead. To disable deprecation, use _CRT_SECURE_NO_WARNINGS. See online help for details.
C:\Program Files (x86)\Windows Kits\10\Include\10.0.18362.0\ucrt\string.h(133): message :  'strcpy' 선언을 참조하십시오.
C:\Users\whd46\source\repos\mongbro\Academic-Seminar_Text-game-in-C\Academic-Seminar_Text-game-in-C\betaver\학술제\학술제\monster.h(308,1): warning C4996:  'strcpy': This function or variable may be unsafe. Consider using strcpy_s instead. To disable deprecation, use _CRT_SECURE_NO_WARNINGS. See online help for details.
C:\Program Files (x86)\Windows Kits\10\Include\10.0.18362.0\ucrt\string.h(133): message :  'strcpy' 선언을 참조하십시오.
C:\Users\whd46\source\repos\mongbro\Academic-Seminar_Text-game-in-C\Academic-Seminar_Text-game-in-C\betaver\학술제\학술제\monster.h(329,1): warning C4996:  'strcpy': This function or variable may be unsafe. Consider using strcpy_s instead. To disable deprecation, use _CRT_SECURE_NO_WARNINGS. See online help for details.
C:\Program Files (x86)\Windows Kits\10\Include\10.0.18362.0\ucrt\string.h(133): message :  'strcpy' 선언을 참조하십시오.
C:\Users\whd46\source\repos\mongbro\Academic-Seminar_Text-game-in-C\Academic-Seminar_Text-game-in-C\betaver\학술제\학술제\monster.h(330,1): warning C4996:  'strcpy': This function or variable may be unsafe. Consider using strcpy_s instead. To disable deprecation, use _CRT_SECURE_NO_WARNINGS. See online help for details.
C:\Program Files (x86)\Windows Kits\10\Include\10.0.18362.0\ucrt\string.h(133): message :  'strcpy' 선언을 참조하십시오.
C:\Users\whd46\source\repos\mongbro\Academic-Seminar_Text-game-in-C\Academic-Seminar_Text-game-in-C\betaver\학술제\학술제\monster.h(331,1): warning C4996:  'strcpy': This function or variable may be unsafe. Consider using strcpy_s instead. To disable deprecation, use _CRT_SECURE_NO_WARNINGS. See online help for details.
C:\Program Files (x86)\Windows Kits\10\Include\10.0.18362.0\ucrt\string.h(133): message :  'strcpy' 선언을 참조하십시오.
C:\Users\whd46\source\repos\mongbro\Academic-Seminar_Text-game-in-C\Academic-Seminar_Text-game-in-C\betaver\학술제\학술제\monster.h(352,1): warning C4996:  'strcpy': This function or variable may be unsafe. Consider using strcpy_s instead. To disable deprecation, use _CRT_SECURE_NO_WARNINGS. See online help for details.
C:\Program Files (x86)\Windows Kits\10\Include\10.0.18362.0\ucrt\string.h(133): message :  'strcpy' 선언을 참조하십시오.
C:\Users\whd46\source\repos\mongbro\Academic-Seminar_Text-game-in-C\Academic-Seminar_Text-game-in-C\betaver\학술제\학술제\monster.h(353,1): warning C4996:  'strcpy': This function or variable may be unsafe. Consider using strcpy_s instead. To disable deprecation, use _CRT_SECURE_NO_WARNINGS. See online help for details.
C:\Program Files (x86)\Windows Kits\10\Include\10.0.18362.0\ucrt\string.h(133): message :  'strcpy' 선언을 참조하십시오.
C:\Users\whd46\source\repos\mongbro\Academic-Seminar_Text-game-in-C\Academic-Seminar_Text-game-in-C\betaver\학술제\학술제\monster.h(354,1): warning C4996:  'strcpy': This function or variable may be unsafe. Consider using strcpy_s instead. To disable deprecation, use _CRT_SECURE_NO_WARNINGS. See online help for details.
C:\Program Files (x86)\Windows Kits\10\Include\10.0.18362.0\ucrt\string.h(133): message :  'strcpy' 선언을 참조하십시오.
C:\Users\whd46\source\repos\mongbro\Academic-Seminar_Text-game-in-C\Academic-Seminar_Text-game-in-C\betaver\학술제\학술제\monster.h(375,1): warning C4996:  'strcpy': This function or variable may be unsafe. Consider using strcpy_s instead. To disable deprecation, use _CRT_SECURE_NO_WARNINGS. See online help for details.
C:\Program Files (x86)\Windows Kits\10\Include\10.0.18362.0\ucrt\string.h(133): message :  'strcpy' 선언을 참조하십시오.
C:\Users\whd46\source\repos\mongbro\Academic-Seminar_Text-game-in-C\Academic-Seminar_Text-game-in-C\betaver\학술제\학술제\monster.h(376,1): warning C4996:  'strcpy': This function or variable may be unsafe. Consider using strcpy_s instead. To disable deprecation, use _CRT_SECURE_NO_WARNINGS. See online help for details.
C:\Program Files (x86)\Windows Kits\10\Include\10.0.18362.0\ucrt\string.h(133): message :  'strcpy' 선언을 참조하십시오.
C:\Users\whd46\source\repos\mongbro\Academic-Seminar_Text-game-in-C\Academic-Seminar_Text-game-in-C\betaver\학술제\학술제\monster.h(377,1): warning C4996:  'strcpy': This function or variable may be unsafe. Consider using strcpy_s instead. To disable deprecation, use _CRT_SECURE_NO_WARNINGS. See online help for details.
C:\Program Files (x86)\Windows Kits\10\Include\10.0.18362.0\ucrt\string.h(133): message :  'strcpy' 선언을 참조하십시오.
C:\Users\whd46\source\repos\mongbro\Academic-Seminar_Text-game-in-C\Academic-Seminar_Text-game-in-C\betaver\학술제\학술제\monster.h(398,1): warning C4996:  'strcpy': This function or variable may be unsafe. Consider using strcpy_s instead. To disable deprecation, use _CRT_SECURE_NO_WARNINGS. See online help for details.
C:\Program Files (x86)\Windows Kits\10\Include\10.0.18362.0\ucrt\string.h(133): message :  'strcpy' 선언을 참조하십시오.
C:\Users\whd46\source\repos\mongbro\Academic-Seminar_Text-game-in-C\Academic-Seminar_Text-game-in-C\betaver\학술제\학술제\combet.h(83): warning C4715:  'choice_monster_to_character': 모든 제어 경로에서 값을 반환하지는 않습니다.
  학술제.vcxproj -> C:\Users\whd46\source\repos\mongbro\Academic-Seminar_Text-game-in-C\Academic-Seminar_Text-game-in-C\betaver\학술제\x64\Debug\학술제.exe
